<?xml version="1.0" encoding="UTF-8"?>
<testsuite name="org.example.project.data.repository.validation.NoteValidatorTest" tests="10" skipped="0" failures="0" errors="0" timestamp="2026-05-13T08:46:28.179Z" hostname="LAPTOP-I8E8OQFB" time="0.011">
  <properties/>
  <testcase name="validate throws ValidationException for blank title" classname="org.example.project.data.repository.validation.NoteValidatorTest" time="0.005"/>
  <testcase name="validateDetailed returns multiple errors for multiple violations" classname="org.example.project.data.repository.validation.NoteValidatorTest" time="0.001"/>
  <testcase name="blank title (whitespace only) returns false" classname="org.example.project.data.repository.validation.NoteValidatorTest" time="0.0"/>
  <testcase name="valid note returns true" classname="org.example.project.data.repository.validation.NoteValidatorTest" time="0.001"/>
  <testcase name="empty title returns false" classname="org.example.project.data.repository.validation.NoteValidatorTest" time="0.0"/>
  <testcase name="isValidTitle helper - simple cases" classname="org.example.project.data.repository.validation.NoteValidatorTest" time="0.0"/>
  <testcase name="title at max length is valid" classname="org.example.project.data.repository.validation.NoteValidatorTest" time="0.001"/>
  <testcase name="validate throws ValidationException for too-long title" classname="org.example.project.data.repository.validation.NoteValidatorTest" time="0.0"/>
  <testcase name="title over max length returns false" classname="org.example.project.data.repository.validation.NoteValidatorTest" time="0.001"/>
  <testcase name="content over max length is invalid" classname="org.example.project.data.repository.validation.NoteValidatorTest" time="0.0"/>
  <system-out><![CDATA[]]></system-out>
  <system-err><![CDATA[]]></system-err>
</testsuite>
