<?xml version="1.0" encoding="UTF-8"?>
<testsuite name="org.example.project.viewmodel.NotesViewModelFlowTest" tests="4" skipped="0" failures="0" errors="0" timestamp="2026-05-13T08:46:36.607Z" hostname="LAPTOP-I8E8OQFB" time="3.119">
  <properties/>
  <testcase name="uiState_initialEmission_isCorrect" classname="org.example.project.viewmodel.NotesViewModelFlowTest" time="3.007"/>
  <testcase name="uiState_searchQuery_propagatesToFlow" classname="org.example.project.viewmodel.NotesViewModelFlowTest" time="0.029"/>
  <testcase name="uiState_emitsNotesAfterRepositoryEmits" classname="org.example.project.viewmodel.NotesViewModelFlowTest" time="0.039"/>
  <testcase name="uiState_emitsEmptyAfterNotesCleared" classname="org.example.project.viewmodel.NotesViewModelFlowTest" time="0.044"/>
  <system-out><![CDATA[]]></system-out>
  <system-err><![CDATA[]]></system-err>
</testsuite>
